<?xml version="1.0" encoding="UTF-8"?>
<!-- Generated by org.testng.reporters.JUnitXMLReporter -->
<testsuite ignored="0" hostname="ATMECSINLT-085" failures="0" tests="4" name="Default test" time="1.12" errors="0" timestamp="21 Aug 2019 18:31:07 GMT">
  <testcase classname="Cal.Sample.test1" name="delete" time="0.172"/>
  <testcase classname="Cal.Sample.test1" name="insert" time="0.016"/>
  <testcase classname="Cal.Sample.test1" name="select1" time="0.015"/>
  <testcase classname="Cal.Sample.test1" name="update" time="0.016"/>
</testsuite> <!-- Default test -->
