<?xml version="1.0" encoding="UTF-8"?>
<testng-results ignored="0" total="4" passed="4" failed="0" skipped="0">
  <reporter-output>
    <line>
      <![CDATA[closed]]>
    </line>
  </reporter-output>
  <suite started-at="2019-08-21T18:31:06Z" name="Default suite" finished-at="2019-08-21T18:31:07Z" duration-ms="1120">
    <groups>
    </groups>
    <test started-at="2019-08-21T18:31:06Z" name="Default test" finished-at="2019-08-21T18:31:07Z" duration-ms="1120">
      <class name="Cal.Sample.test1">
        <test-method is-config="true" signature="testingconnection()[pri:0, instance:Cal.Sample.test1@568bf312]" started-at="2019-08-22T00:01:06Z" name="testingconnection" finished-at="2019-08-22T00:01:07Z" duration-ms="886" status="PASS">
          <reporter-output>
          </reporter-output>
        </test-method> <!-- testingconnection -->
        <test-method signature="delete()[pri:0, instance:Cal.Sample.test1@568bf312]" started-at="2019-08-22T00:01:07Z" name="delete" finished-at="2019-08-22T00:01:07Z" duration-ms="172" status="PASS">
          <reporter-output>
          </reporter-output>
        </test-method> <!-- delete -->
        <test-method signature="insert()[pri:0, instance:Cal.Sample.test1@568bf312]" started-at="2019-08-22T00:01:07Z" name="insert" finished-at="2019-08-22T00:01:07Z" duration-ms="16" status="PASS">
          <reporter-output>
          </reporter-output>
        </test-method> <!-- insert -->
        <test-method signature="select1()[pri:0, instance:Cal.Sample.test1@568bf312]" started-at="2019-08-22T00:01:07Z" name="select1" finished-at="2019-08-22T00:01:07Z" duration-ms="15" status="PASS">
          <reporter-output>
          </reporter-output>
        </test-method> <!-- select1 -->
        <test-method signature="update()[pri:0, instance:Cal.Sample.test1@568bf312]" started-at="2019-08-22T00:01:07Z" name="update" finished-at="2019-08-22T00:01:07Z" duration-ms="16" status="PASS">
          <reporter-output>
          </reporter-output>
        </test-method> <!-- update -->
        <test-method is-config="true" signature="close2()[pri:0, instance:Cal.Sample.test1@568bf312]" started-at="2019-08-22T00:01:07Z" name="close2" finished-at="2019-08-22T00:01:07Z" duration-ms="0" status="PASS">
          <reporter-output>
            <line>
              <![CDATA[closed]]>
            </line>
          </reporter-output>
        </test-method> <!-- close2 -->
      </class> <!-- Cal.Sample.test1 -->
    </test> <!-- Default test -->
  </suite> <!-- Default suite -->
</testng-results>
